{"/home/chapetta/CURSO-DEV-QUEST/Projetos/todolist-app/src/App.tsx": {"path":"/home/chapetta/CURSO-DEV-QUEST/Projetos/todolist-app/src/App.tsx","all":false,"statementMap":{"0":{"start":{"line":1,"column":0},"end":{"line":1,"column":55}},"1":{"start":{"line":2,"column":0},"end":{"line":2,"column":45}},"2":{"start":{"line":3,"column":0},"end":{"line":3,"column":49}},"3":{"start":{"line":4,"column":0},"end":{"line":4,"column":45}},"4":{"start":{"line":5,"column":0},"end":{"line":5,"column":42}},"7":{"start":{"line":8,"column":0},"end":{"line":8,"column":16}},"8":{"start":{"line":9,"column":0},"end":{"line":9,"column":9}},"9":{"start":{"line":10,"column":0},"end":{"line":10,"column":12}},"10":{"start":{"line":11,"column":0},"end":{"line":11,"column":17}},"11":{"start":{"line":12,"column":0},"end":{"line":12,"column":24}},"12":{"start":{"line":13,"column":0},"end":{"line":13,"column":14}},"13":{"start":{"line":14,"column":0},"end":{"line":14,"column":11}},"14":{"start":{"line":15,"column":0},"end":{"line":15,"column":19}},"15":{"start":{"line":16,"column":0},"end":{"line":16,"column":14}},"16":{"start":{"line":17,"column":0},"end":{"line":17,"column":15}},"18":{"start":{"line":19,"column":0},"end":{"line":19,"column":10}},"19":{"start":{"line":20,"column":0},"end":{"line":20,"column":19}},"20":{"start":{"line":21,"column":0},"end":{"line":21,"column":20}},"21":{"start":{"line":22,"column":0},"end":{"line":22,"column":36}},"22":{"start":{"line":23,"column":0},"end":{"line":23,"column":15}},"23":{"start":{"line":24,"column":0},"end":{"line":24,"column":31}},"24":{"start":{"line":25,"column":0},"end":{"line":25,"column":49}},"25":{"start":{"line":26,"column":0},"end":{"line":26,"column":29}},"26":{"start":{"line":27,"column":0},"end":{"line":27,"column":23}},"27":{"start":{"line":28,"column":0},"end":{"line":28,"column":39}},"28":{"start":{"line":29,"column":0},"end":{"line":29,"column":31}},"29":{"start":{"line":30,"column":0},"end":{"line":30,"column":8}},"30":{"start":{"line":31,"column":0},"end":{"line":31,"column":20}},"32":{"start":{"line":33,"column":0},"end":{"line":33,"column":1}},"34":{"start":{"line":35,"column":0},"end":{"line":35,"column":19}}},"s":{"0":1,"1":1,"2":1,"3":1,"4":1,"7":1,"8":1,"9":1,"10":1,"11":1,"12":1,"13":1,"14":1,"15":1,"16":1,"18":1,"19":1,"20":1,"21":1,"22":1,"23":1,"24":1,"25":1,"26":1,"27":1,"28":1,"29":1,"30":1,"32":1,"34":1},"branchMap":{"0":{"type":"branch","line":8,"loc":{"start":{"line":8,"column":0},"end":{"line":33,"column":1}},"locations":[{"start":{"line":8,"column":0},"end":{"line":33,"column":1}}]}},"b":{"0":[1]},"fnMap":{"0":{"name":"App","decl":{"start":{"line":8,"column":0},"end":{"line":33,"column":1}},"loc":{"start":{"line":8,"column":0},"end":{"line":33,"column":1}},"line":8}},"f":{"0":1}}
,"/home/chapetta/CURSO-DEV-QUEST/Projetos/todolist-app/src/main.tsx": {"path":"/home/chapetta/CURSO-DEV-QUEST/Projetos/todolist-app/src/main.tsx","all":true,"statementMap":{"0":{"start":{"line":1,"column":0},"end":{"line":1,"column":35}},"1":{"start":{"line":2,"column":0},"end":{"line":2,"column":46}},"2":{"start":{"line":3,"column":0},"end":{"line":3,"column":28}},"3":{"start":{"line":4,"column":0},"end":{"line":4,"column":29}},"4":{"start":{"line":5,"column":0},"end":{"line":5,"column":61}},"6":{"start":{"line":7,"column":0},"end":{"line":7,"column":52}},"7":{"start":{"line":8,"column":0},"end":{"line":8,"column":14}},"8":{"start":{"line":9,"column":0},"end":{"line":9,"column":19}},"9":{"start":{"line":10,"column":0},"end":{"line":10,"column":13}},"10":{"start":{"line":11,"column":0},"end":{"line":11,"column":20}},"11":{"start":{"line":12,"column":0},"end":{"line":12,"column":16}},"12":{"start":{"line":13,"column":0},"end":{"line":13,"column":2}}},"s":{"0":0,"1":0,"2":0,"3":0,"4":0,"6":0,"7":0,"8":0,"9":0,"10":0,"11":0,"12":0},"branchMap":{"0":{"type":"branch","line":1,"loc":{"start":{"line":1,"column":299},"end":{"line":13,"column":-234}},"locations":[{"start":{"line":1,"column":299},"end":{"line":13,"column":-234}}]}},"b":{"0":[0]},"fnMap":{"0":{"name":"(empty-report)","decl":{"start":{"line":1,"column":299},"end":{"line":13,"column":-234}},"loc":{"start":{"line":1,"column":299},"end":{"line":13,"column":-234}},"line":1}},"f":{"0":0}}
,"/home/chapetta/CURSO-DEV-QUEST/Projetos/todolist-app/src/components/TodoContainer/index.tsx": {"path":"/home/chapetta/CURSO-DEV-QUEST/Projetos/todolist-app/src/components/TodoContainer/index.tsx","all":false,"statementMap":{"0":{"start":{"line":1,"column":0},"end":{"line":1,"column":59}},"1":{"start":{"line":2,"column":0},"end":{"line":2,"column":51}},"2":{"start":{"line":3,"column":0},"end":{"line":3,"column":35}},"8":{"start":{"line":9,"column":0},"end":{"line":9,"column":73}},"9":{"start":{"line":10,"column":0},"end":{"line":10,"column":45}},"11":{"start":{"line":12,"column":0},"end":{"line":12,"column":10}},"12":{"start":{"line":13,"column":0},"end":{"line":13,"column":9}},"13":{"start":{"line":14,"column":0},"end":{"line":14,"column":77}},"15":{"start":{"line":16,"column":0},"end":{"line":16,"column":10}},"16":{"start":{"line":17,"column":0},"end":{"line":17,"column":84}},"18":{"start":{"line":19,"column":0},"end":{"line":19,"column":69}},"19":{"start":{"line":20,"column":0},"end":{"line":20,"column":12}},"20":{"start":{"line":21,"column":0},"end":{"line":21,"column":11}},"22":{"start":{"line":23,"column":0},"end":{"line":23,"column":1}}},"s":{"0":1,"1":1,"2":1,"8":2,"9":2,"11":2,"12":2,"13":2,"15":2,"16":2,"18":2,"19":2,"20":2,"22":2},"branchMap":{"0":{"type":"branch","line":9,"loc":{"start":{"line":9,"column":0},"end":{"line":23,"column":1}},"locations":[{"start":{"line":9,"column":0},"end":{"line":23,"column":1}}]}},"b":{"0":[2]},"fnMap":{"0":{"name":"TodoContainer","decl":{"start":{"line":9,"column":0},"end":{"line":23,"column":1}},"loc":{"start":{"line":9,"column":0},"end":{"line":23,"column":1}},"line":9}},"f":{"0":2}}
,"/home/chapetta/CURSO-DEV-QUEST/Projetos/todolist-app/src/components/TodoForm/index.tsx": {"path":"/home/chapetta/CURSO-DEV-QUEST/Projetos/todolist-app/src/components/TodoForm/index.tsx","all":false,"statementMap":{"0":{"start":{"line":1,"column":0},"end":{"line":1,"column":51}},"1":{"start":{"line":2,"column":0},"end":{"line":2,"column":59}},"2":{"start":{"line":3,"column":0},"end":{"line":3,"column":51}},"8":{"start":{"line":9,"column":0},"end":{"line":9,"column":61}},"9":{"start":{"line":10,"column":0},"end":{"line":10,"column":45}},"10":{"start":{"line":11,"column":0},"end":{"line":11,"column":10}},"11":{"start":{"line":12,"column":0},"end":{"line":12,"column":56}},"12":{"start":{"line":13,"column":0},"end":{"line":13,"column":11}},"13":{"start":{"line":14,"column":0},"end":{"line":14,"column":101}},"15":{"start":{"line":16,"column":0},"end":{"line":16,"column":14}},"17":{"start":{"line":18,"column":0},"end":{"line":18,"column":12}},"18":{"start":{"line":19,"column":0},"end":{"line":19,"column":19}},"19":{"start":{"line":20,"column":0},"end":{"line":20,"column":42}},"20":{"start":{"line":21,"column":0},"end":{"line":21,"column":19}},"21":{"start":{"line":22,"column":0},"end":{"line":22,"column":151}},"22":{"start":{"line":23,"column":0},"end":{"line":23,"column":8}},"23":{"start":{"line":24,"column":0},"end":{"line":24,"column":11}},"25":{"start":{"line":26,"column":0},"end":{"line":26,"column":1}}},"s":{"0":1,"1":1,"2":1,"8":3,"9":3,"10":3,"11":3,"12":3,"13":3,"15":3,"17":3,"18":3,"19":3,"20":3,"21":3,"22":3,"23":3,"25":3},"branchMap":{"0":{"type":"branch","line":9,"loc":{"start":{"line":9,"column":0},"end":{"line":26,"column":1}},"locations":[{"start":{"line":9,"column":0},"end":{"line":26,"column":1}}]}},"b":{"0":[3]},"fnMap":{"0":{"name":"TodoForm","decl":{"start":{"line":9,"column":0},"end":{"line":26,"column":1}},"loc":{"start":{"line":9,"column":0},"end":{"line":26,"column":1}},"line":9}},"f":{"0":3}}
,"/home/chapetta/CURSO-DEV-QUEST/Projetos/todolist-app/src/components/TodoHeader/index.tsx": {"path":"/home/chapetta/CURSO-DEV-QUEST/Projetos/todolist-app/src/components/TodoHeader/index.tsx","all":false,"statementMap":{"0":{"start":{"line":1,"column":0},"end":{"line":1,"column":51}},"1":{"start":{"line":2,"column":0},"end":{"line":2,"column":59}},"2":{"start":{"line":3,"column":0},"end":{"line":3,"column":35}},"4":{"start":{"line":5,"column":0},"end":{"line":5,"column":23}},"5":{"start":{"line":6,"column":0},"end":{"line":6,"column":58}},"6":{"start":{"line":7,"column":0},"end":{"line":7,"column":10}},"7":{"start":{"line":8,"column":0},"end":{"line":8,"column":67}},"8":{"start":{"line":9,"column":0},"end":{"line":9,"column":85}},"10":{"start":{"line":11,"column":0},"end":{"line":11,"column":11}},"11":{"start":{"line":12,"column":0},"end":{"line":12,"column":63}},"12":{"start":{"line":13,"column":0},"end":{"line":13,"column":12}},"13":{"start":{"line":14,"column":0},"end":{"line":14,"column":29}},"14":{"start":{"line":15,"column":0},"end":{"line":15,"column":44}},"15":{"start":{"line":16,"column":0},"end":{"line":16,"column":29}},"16":{"start":{"line":17,"column":0},"end":{"line":17,"column":10}},"17":{"start":{"line":18,"column":0},"end":{"line":18,"column":15}},"18":{"start":{"line":19,"column":0},"end":{"line":19,"column":13}},"20":{"start":{"line":21,"column":0},"end":{"line":21,"column":1}},"22":{"start":{"line":23,"column":0},"end":{"line":23,"column":26}}},"s":{"0":1,"1":1,"2":1,"4":5,"5":5,"6":5,"7":5,"8":5,"10":5,"11":5,"12":5,"13":5,"14":5,"15":5,"16":5,"17":5,"18":5,"20":5,"22":1},"branchMap":{"0":{"type":"branch","line":5,"loc":{"start":{"line":5,"column":0},"end":{"line":21,"column":1}},"locations":[{"start":{"line":5,"column":0},"end":{"line":21,"column":1}}]}},"b":{"0":[5]},"fnMap":{"0":{"name":"TodoHeader","decl":{"start":{"line":5,"column":0},"end":{"line":21,"column":1}},"loc":{"start":{"line":5,"column":0},"end":{"line":21,"column":1}},"line":5}},"f":{"0":5}}
,"/home/chapetta/CURSO-DEV-QUEST/Projetos/todolist-app/src/components/todoList/index.tsx": {"path":"/home/chapetta/CURSO-DEV-QUEST/Projetos/todolist-app/src/components/todoList/index.tsx","all":false,"statementMap":{"0":{"start":{"line":1,"column":0},"end":{"line":1,"column":51}},"1":{"start":{"line":2,"column":0},"end":{"line":2,"column":59}},"2":{"start":{"line":3,"column":0},"end":{"line":3,"column":35}},"4":{"start":{"line":5,"column":0},"end":{"line":5,"column":62}},"5":{"start":{"line":6,"column":0},"end":{"line":6,"column":61}},"16":{"start":{"line":17,"column":0},"end":{"line":17,"column":34}},"17":{"start":{"line":18,"column":0},"end":{"line":18,"column":11}},"18":{"start":{"line":19,"column":0},"end":{"line":19,"column":22}},"19":{"start":{"line":20,"column":0},"end":{"line":20,"column":12}},"20":{"start":{"line":21,"column":0},"end":{"line":21,"column":9}},"21":{"start":{"line":22,"column":0},"end":{"line":22,"column":17}},"22":{"start":{"line":23,"column":0},"end":{"line":23,"column":12}},"23":{"start":{"line":24,"column":0},"end":{"line":24,"column":19}},"24":{"start":{"line":25,"column":0},"end":{"line":25,"column":45}},"26":{"start":{"line":27,"column":0},"end":{"line":27,"column":10}},"27":{"start":{"line":28,"column":0},"end":{"line":28,"column":6}},"28":{"start":{"line":29,"column":0},"end":{"line":29,"column":79}},"29":{"start":{"line":30,"column":0},"end":{"line":30,"column":12}},"30":{"start":{"line":31,"column":0},"end":{"line":31,"column":33}},"31":{"start":{"line":32,"column":0},"end":{"line":32,"column":36}},"32":{"start":{"line":33,"column":0},"end":{"line":33,"column":17}},"33":{"start":{"line":34,"column":0},"end":{"line":34,"column":81}},"34":{"start":{"line":35,"column":0},"end":{"line":35,"column":29}},"36":{"start":{"line":37,"column":0},"end":{"line":37,"column":57}},"37":{"start":{"line":38,"column":0},"end":{"line":38,"column":23}},"38":{"start":{"line":39,"column":0},"end":{"line":39,"column":174}},"40":{"start":{"line":41,"column":0},"end":{"line":41,"column":27}},"41":{"start":{"line":42,"column":0},"end":{"line":42,"column":66}},"42":{"start":{"line":43,"column":0},"end":{"line":43,"column":260}},"44":{"start":{"line":45,"column":0},"end":{"line":45,"column":42}},"45":{"start":{"line":46,"column":0},"end":{"line":46,"column":28}},"46":{"start":{"line":47,"column":0},"end":{"line":47,"column":41}},"47":{"start":{"line":48,"column":0},"end":{"line":48,"column":45}},"48":{"start":{"line":49,"column":0},"end":{"line":49,"column":52}},"49":{"start":{"line":50,"column":0},"end":{"line":50,"column":26}},"51":{"start":{"line":52,"column":0},"end":{"line":52,"column":29}},"52":{"start":{"line":53,"column":0},"end":{"line":53,"column":25}},"53":{"start":{"line":54,"column":0},"end":{"line":54,"column":20}},"54":{"start":{"line":55,"column":0},"end":{"line":55,"column":136}},"56":{"start":{"line":57,"column":0},"end":{"line":57,"column":31}},"57":{"start":{"line":58,"column":0},"end":{"line":58,"column":22}},"58":{"start":{"line":59,"column":0},"end":{"line":59,"column":26}},"59":{"start":{"line":60,"column":0},"end":{"line":60,"column":57}},"60":{"start":{"line":61,"column":0},"end":{"line":61,"column":58}},"62":{"start":{"line":63,"column":0},"end":{"line":63,"column":62}},"64":{"start":{"line":65,"column":0},"end":{"line":65,"column":27}},"65":{"start":{"line":66,"column":0},"end":{"line":66,"column":22}},"66":{"start":{"line":67,"column":0},"end":{"line":67,"column":19}},"67":{"start":{"line":68,"column":0},"end":{"line":68,"column":15}},"68":{"start":{"line":69,"column":0},"end":{"line":69,"column":13}},"70":{"start":{"line":71,"column":0},"end":{"line":71,"column":12}},"71":{"start":{"line":72,"column":0},"end":{"line":72,"column":96}},"73":{"start":{"line":74,"column":0},"end":{"line":74,"column":46}},"74":{"start":{"line":75,"column":0},"end":{"line":75,"column":49}},"75":{"start":{"line":76,"column":0},"end":{"line":76,"column":16}},"76":{"start":{"line":77,"column":0},"end":{"line":77,"column":124}},"77":{"start":{"line":78,"column":0},"end":{"line":78,"column":46}},"78":{"start":{"line":79,"column":0},"end":{"line":79,"column":13}},"80":{"start":{"line":81,"column":0},"end":{"line":81,"column":18}},"81":{"start":{"line":82,"column":0},"end":{"line":82,"column":16}},"82":{"start":{"line":83,"column":0},"end":{"line":83,"column":79}},"83":{"start":{"line":84,"column":0},"end":{"line":84,"column":61}},"85":{"start":{"line":86,"column":0},"end":{"line":86,"column":49}},"86":{"start":{"line":87,"column":0},"end":{"line":87,"column":13}},"88":{"start":{"line":89,"column":0},"end":{"line":89,"column":18}},"89":{"start":{"line":90,"column":0},"end":{"line":90,"column":16}},"90":{"start":{"line":91,"column":0},"end":{"line":91,"column":79}},"91":{"start":{"line":92,"column":0},"end":{"line":92,"column":64}},"93":{"start":{"line":94,"column":0},"end":{"line":94,"column":52}},"94":{"start":{"line":95,"column":0},"end":{"line":95,"column":13}},"96":{"start":{"line":97,"column":0},"end":{"line":97,"column":18}},"97":{"start":{"line":98,"column":0},"end":{"line":98,"column":16}},"99":{"start":{"line":100,"column":0},"end":{"line":100,"column":17}},"100":{"start":{"line":101,"column":0},"end":{"line":101,"column":80}},"101":{"start":{"line":102,"column":0},"end":{"line":102,"column":44}},"102":{"start":{"line":103,"column":0},"end":{"line":103,"column":11}},"104":{"start":{"line":105,"column":0},"end":{"line":105,"column":19}},"105":{"start":{"line":106,"column":0},"end":{"line":106,"column":14}},"106":{"start":{"line":107,"column":0},"end":{"line":107,"column":12}},"108":{"start":{"line":109,"column":0},"end":{"line":109,"column":10}},"109":{"start":{"line":110,"column":0},"end":{"line":110,"column":160}},"111":{"start":{"line":112,"column":0},"end":{"line":112,"column":12}},"112":{"start":{"line":113,"column":0},"end":{"line":113,"column":89}},"113":{"start":{"line":114,"column":0},"end":{"line":114,"column":54}},"115":{"start":{"line":116,"column":0},"end":{"line":116,"column":42}},"116":{"start":{"line":117,"column":0},"end":{"line":117,"column":9}},"118":{"start":{"line":119,"column":0},"end":{"line":119,"column":14}},"119":{"start":{"line":120,"column":0},"end":{"line":120,"column":12}},"120":{"start":{"line":121,"column":0},"end":{"line":121,"column":75}},"121":{"start":{"line":122,"column":0},"end":{"line":122,"column":57}},"123":{"start":{"line":124,"column":0},"end":{"line":124,"column":45}},"124":{"start":{"line":125,"column":0},"end":{"line":125,"column":9}},"126":{"start":{"line":127,"column":0},"end":{"line":127,"column":14}},"127":{"start":{"line":128,"column":0},"end":{"line":128,"column":12}},"128":{"start":{"line":129,"column":0},"end":{"line":129,"column":75}},"129":{"start":{"line":130,"column":0},"end":{"line":130,"column":60}},"131":{"start":{"line":132,"column":0},"end":{"line":132,"column":48}},"132":{"start":{"line":133,"column":0},"end":{"line":133,"column":9}},"134":{"start":{"line":135,"column":0},"end":{"line":135,"column":14}},"135":{"start":{"line":136,"column":0},"end":{"line":136,"column":12}},"136":{"start":{"line":137,"column":0},"end":{"line":137,"column":7}},"138":{"start":{"line":139,"column":0},"end":{"line":139,"column":1}}},"s":{"0":1,"1":1,"2":1,"4":1,"5":1,"16":14,"17":14,"18":14,"19":14,"20":14,"21":14,"22":14,"23":14,"24":14,"26":14,"27":14,"28":14,"29":14,"30":14,"31":13,"32":26,"33":26,"34":26,"36":26,"37":26,"38":26,"40":26,"41":26,"42":26,"44":26,"45":13,"46":13,"47":13,"48":13,"49":13,"51":26,"52":26,"53":26,"54":26,"56":26,"57":26,"58":26,"59":26,"60":26,"62":26,"64":26,"65":26,"66":26,"67":13,"68":14,"70":14,"71":14,"73":14,"74":14,"75":14,"76":14,"77":14,"78":14,"80":14,"81":14,"82":14,"83":14,"85":14,"86":14,"88":14,"89":14,"90":14,"91":14,"93":14,"94":14,"96":14,"97":14,"99":14,"100":14,"101":14,"102":14,"104":14,"105":14,"106":14,"108":14,"109":14,"111":14,"112":14,"113":14,"115":14,"116":14,"118":14,"119":14,"120":14,"121":14,"123":14,"124":14,"126":14,"127":14,"128":14,"129":14,"131":14,"132":14,"134":14,"135":14,"136":14,"138":14},"branchMap":{"0":{"type":"branch","line":17,"loc":{"start":{"line":17,"column":0},"end":{"line":139,"column":1}},"locations":[{"start":{"line":17,"column":0},"end":{"line":139,"column":1}}]},"1":{"type":"branch","line":31,"loc":{"start":{"line":31,"column":29},"end":{"line":68,"column":15}},"locations":[{"start":{"line":31,"column":29},"end":{"line":68,"column":15}}]},"2":{"type":"branch","line":77,"loc":{"start":{"line":77,"column":39},"end":{"line":77,"column":65}},"locations":[{"start":{"line":77,"column":39},"end":{"line":77,"column":65}}]},"3":{"type":"branch","line":77,"loc":{"start":{"line":77,"column":47},"end":{"line":77,"column":67}},"locations":[{"start":{"line":77,"column":47},"end":{"line":77,"column":67}}]},"4":{"type":"branch","line":84,"loc":{"start":{"line":84,"column":29},"end":{"line":84,"column":58}},"locations":[{"start":{"line":84,"column":29},"end":{"line":84,"column":58}}]},"5":{"type":"branch","line":84,"loc":{"start":{"line":84,"column":40},"end":{"line":84,"column":60}},"locations":[{"start":{"line":84,"column":40},"end":{"line":84,"column":60}}]},"6":{"type":"branch","line":92,"loc":{"start":{"line":92,"column":29},"end":{"line":92,"column":61}},"locations":[{"start":{"line":92,"column":29},"end":{"line":92,"column":61}}]},"7":{"type":"branch","line":92,"loc":{"start":{"line":92,"column":43},"end":{"line":92,"column":63}},"locations":[{"start":{"line":92,"column":43},"end":{"line":92,"column":63}}]},"8":{"type":"branch","line":114,"loc":{"start":{"line":114,"column":25},"end":{"line":114,"column":51}},"locations":[{"start":{"line":114,"column":25},"end":{"line":114,"column":51}}]},"9":{"type":"branch","line":114,"loc":{"start":{"line":114,"column":33},"end":{"line":114,"column":53}},"locations":[{"start":{"line":114,"column":33},"end":{"line":114,"column":53}}]},"10":{"type":"branch","line":122,"loc":{"start":{"line":122,"column":25},"end":{"line":122,"column":54}},"locations":[{"start":{"line":122,"column":25},"end":{"line":122,"column":54}}]},"11":{"type":"branch","line":122,"loc":{"start":{"line":122,"column":36},"end":{"line":122,"column":56}},"locations":[{"start":{"line":122,"column":36},"end":{"line":122,"column":56}}]},"12":{"type":"branch","line":130,"loc":{"start":{"line":130,"column":25},"end":{"line":130,"column":57}},"locations":[{"start":{"line":130,"column":25},"end":{"line":130,"column":57}}]},"13":{"type":"branch","line":130,"loc":{"start":{"line":130,"column":39},"end":{"line":130,"column":59}},"locations":[{"start":{"line":130,"column":39},"end":{"line":130,"column":59}}]},"14":{"type":"branch","line":32,"loc":{"start":{"line":32,"column":25},"end":{"line":67,"column":19}},"locations":[{"start":{"line":32,"column":25},"end":{"line":67,"column":19}}]},"15":{"type":"branch","line":39,"loc":{"start":{"line":39,"column":60},"end":{"line":39,"column":83}},"locations":[{"start":{"line":39,"column":60},"end":{"line":39,"column":83}}]},"16":{"type":"branch","line":39,"loc":{"start":{"line":39,"column":72},"end":{"line":39,"column":157}},"locations":[{"start":{"line":39,"column":72},"end":{"line":39,"column":157}}]},"17":{"type":"branch","line":43,"loc":{"start":{"line":43,"column":172},"end":{"line":43,"column":255}},"locations":[{"start":{"line":43,"column":172},"end":{"line":43,"column":255}}]},"18":{"type":"branch","line":43,"loc":{"start":{"line":43,"column":184},"end":{"line":43,"column":257}},"locations":[{"start":{"line":43,"column":184},"end":{"line":43,"column":257}}]},"19":{"type":"branch","line":45,"loc":{"start":{"line":45,"column":28},"end":{"line":50,"column":26}},"locations":[{"start":{"line":45,"column":28},"end":{"line":50,"column":26}}]},"20":{"type":"branch","line":55,"loc":{"start":{"line":55,"column":91},"end":{"line":55,"column":131}},"locations":[{"start":{"line":55,"column":91},"end":{"line":55,"column":131}}]},"21":{"type":"branch","line":55,"loc":{"start":{"line":55,"column":103},"end":{"line":55,"column":133}},"locations":[{"start":{"line":55,"column":103},"end":{"line":55,"column":133}}]},"22":{"type":"branch","line":42,"loc":{"start":{"line":42,"column":31},"end":{"line":42,"column":66}},"locations":[{"start":{"line":42,"column":31},"end":{"line":42,"column":66}}]},"23":{"type":"branch","line":60,"loc":{"start":{"line":60,"column":31},"end":{"line":60,"column":57}},"locations":[{"start":{"line":60,"column":31},"end":{"line":60,"column":57}}]},"24":{"type":"branch","line":78,"loc":{"start":{"line":78,"column":23},"end":{"line":78,"column":46}},"locations":[{"start":{"line":78,"column":23},"end":{"line":78,"column":46}}]},"25":{"type":"branch","line":86,"loc":{"start":{"line":86,"column":23},"end":{"line":86,"column":49}},"locations":[{"start":{"line":86,"column":23},"end":{"line":86,"column":49}}]},"26":{"type":"branch","line":94,"loc":{"start":{"line":94,"column":23},"end":{"line":94,"column":52}},"locations":[{"start":{"line":94,"column":23},"end":{"line":94,"column":52}}]},"27":{"type":"branch","line":102,"loc":{"start":{"line":102,"column":21},"end":{"line":102,"column":44}},"locations":[{"start":{"line":102,"column":21},"end":{"line":102,"column":44}}]},"28":{"type":"branch","line":116,"loc":{"start":{"line":116,"column":19},"end":{"line":116,"column":42}},"locations":[{"start":{"line":116,"column":19},"end":{"line":116,"column":42}}]},"29":{"type":"branch","line":124,"loc":{"start":{"line":124,"column":19},"end":{"line":124,"column":45}},"locations":[{"start":{"line":124,"column":19},"end":{"line":124,"column":45}}]},"30":{"type":"branch","line":132,"loc":{"start":{"line":132,"column":19},"end":{"line":132,"column":48}},"locations":[{"start":{"line":132,"column":19},"end":{"line":132,"column":48}}]}},"b":{"0":[14],"1":[13],"2":[10],"3":[4],"4":[2],"5":[12],"6":[2],"7":[12],"8":[10],"9":[4],"10":[2],"11":[12],"12":[2],"13":[12],"14":[26],"15":[13],"16":[13],"17":[13],"18":[13],"19":[13],"20":[13],"21":[13],"22":[1],"23":[1],"24":[1],"25":[2],"26":[2],"27":[1],"28":[1],"29":[1],"30":[1]},"fnMap":{"0":{"name":"TodoList","decl":{"start":{"line":17,"column":0},"end":{"line":139,"column":1}},"loc":{"start":{"line":17,"column":0},"end":{"line":139,"column":1}},"line":17},"1":{"name":"onClick","decl":{"start":{"line":42,"column":31},"end":{"line":42,"column":66}},"loc":{"start":{"line":42,"column":31},"end":{"line":42,"column":66}},"line":42},"2":{"name":"onClick","decl":{"start":{"line":60,"column":31},"end":{"line":60,"column":57}},"loc":{"start":{"line":60,"column":31},"end":{"line":60,"column":57}},"line":60},"3":{"name":"onClick","decl":{"start":{"line":78,"column":23},"end":{"line":78,"column":46}},"loc":{"start":{"line":78,"column":23},"end":{"line":78,"column":46}},"line":78},"4":{"name":"onClick","decl":{"start":{"line":86,"column":23},"end":{"line":86,"column":49}},"loc":{"start":{"line":86,"column":23},"end":{"line":86,"column":49}},"line":86},"5":{"name":"onClick","decl":{"start":{"line":94,"column":23},"end":{"line":94,"column":52}},"loc":{"start":{"line":94,"column":23},"end":{"line":94,"column":52}},"line":94},"6":{"name":"onClick","decl":{"start":{"line":102,"column":21},"end":{"line":102,"column":44}},"loc":{"start":{"line":102,"column":21},"end":{"line":102,"column":44}},"line":102},"7":{"name":"onClick","decl":{"start":{"line":116,"column":19},"end":{"line":116,"column":42}},"loc":{"start":{"line":116,"column":19},"end":{"line":116,"column":42}},"line":116},"8":{"name":"onClick","decl":{"start":{"line":124,"column":19},"end":{"line":124,"column":45}},"loc":{"start":{"line":124,"column":19},"end":{"line":124,"column":45}},"line":124},"9":{"name":"onClick","decl":{"start":{"line":132,"column":19},"end":{"line":132,"column":48}},"loc":{"start":{"line":132,"column":19},"end":{"line":132,"column":48}},"line":132}},"f":{"0":14,"1":1,"2":1,"3":1,"4":2,"5":2,"6":1,"7":1,"8":1,"9":1}}
,"/home/chapetta/CURSO-DEV-QUEST/Projetos/todolist-app/src/contexts/ThemeContext.ts": {"path":"/home/chapetta/CURSO-DEV-QUEST/Projetos/todolist-app/src/contexts/ThemeContext.ts","all":false,"statementMap":{"0":{"start":{"line":1,"column":0},"end":{"line":1,"column":38}},"9":{"start":{"line":10,"column":0},"end":{"line":10,"column":61}},"10":{"start":{"line":11,"column":0},"end":{"line":11,"column":16}},"11":{"start":{"line":12,"column":0},"end":{"line":12,"column":24}},"12":{"start":{"line":13,"column":0},"end":{"line":13,"column":3}}},"s":{"0":1,"9":1,"10":1,"11":1,"12":1},"branchMap":{},"b":{},"fnMap":{"0":{"name":"toggleTheme","decl":{"start":{"line":12,"column":15},"end":{"line":12,"column":24}},"loc":{"start":{"line":12,"column":15},"end":{"line":12,"column":24}},"line":12}},"f":{"0":0}}
,"/home/chapetta/CURSO-DEV-QUEST/Projetos/todolist-app/src/contexts/ThemeProvider.tsx": {"path":"/home/chapetta/CURSO-DEV-QUEST/Projetos/todolist-app/src/contexts/ThemeProvider.tsx","all":true,"statementMap":{"0":{"start":{"line":1,"column":0},"end":{"line":1,"column":33}},"1":{"start":{"line":2,"column":0},"end":{"line":2,"column":62}},"7":{"start":{"line":8,"column":0},"end":{"line":8,"column":68}},"8":{"start":{"line":9,"column":0},"end":{"line":9,"column":56}},"10":{"start":{"line":11,"column":0},"end":{"line":11,"column":29}},"11":{"start":{"line":12,"column":0},"end":{"line":12,"column":63}},"12":{"start":{"line":13,"column":0},"end":{"line":13,"column":4}},"14":{"start":{"line":15,"column":0},"end":{"line":15,"column":10}},"15":{"start":{"line":16,"column":0},"end":{"line":16,"column":58}},"16":{"start":{"line":17,"column":0},"end":{"line":17,"column":16}},"17":{"start":{"line":18,"column":0},"end":{"line":18,"column":28}},"19":{"start":{"line":20,"column":0},"end":{"line":20,"column":2}}},"s":{"0":0,"1":0,"7":0,"8":0,"10":0,"11":0,"12":0,"14":0,"15":0,"16":0,"17":0,"19":0},"branchMap":{"0":{"type":"branch","line":1,"loc":{"start":{"line":1,"column":511},"end":{"line":20,"column":2}},"locations":[{"start":{"line":1,"column":511},"end":{"line":20,"column":2}}]}},"b":{"0":[0]},"fnMap":{"0":{"name":"(empty-report)","decl":{"start":{"line":1,"column":511},"end":{"line":20,"column":2}},"loc":{"start":{"line":1,"column":511},"end":{"line":20,"column":2}},"line":1}},"f":{"0":0}}
,"/home/chapetta/CURSO-DEV-QUEST/Projetos/todolist-app/src/contexts/theme.ts": {"path":"/home/chapetta/CURSO-DEV-QUEST/Projetos/todolist-app/src/contexts/theme.ts","all":false,"statementMap":{"0":{"start":{"line":1,"column":0},"end":{"line":1,"column":43}},"1":{"start":{"line":2,"column":0},"end":{"line":2,"column":45}},"3":{"start":{"line":4,"column":0},"end":{"line":4,"column":28}},"4":{"start":{"line":5,"column":0},"end":{"line":5,"column":9}},"5":{"start":{"line":6,"column":0},"end":{"line":6,"column":17}},"6":{"start":{"line":7,"column":0},"end":{"line":7,"column":13}},"7":{"start":{"line":8,"column":0},"end":{"line":8,"column":30}},"8":{"start":{"line":9,"column":0},"end":{"line":9,"column":37}},"9":{"start":{"line":10,"column":0},"end":{"line":10,"column":35}},"10":{"start":{"line":11,"column":0},"end":{"line":11,"column":41}},"11":{"start":{"line":12,"column":0},"end":{"line":12,"column":6}},"12":{"start":{"line":13,"column":0},"end":{"line":13,"column":11}},"13":{"start":{"line":14,"column":0},"end":{"line":14,"column":37}},"14":{"start":{"line":15,"column":0},"end":{"line":15,"column":39}},"15":{"start":{"line":16,"column":0},"end":{"line":16,"column":35}},"16":{"start":{"line":17,"column":0},"end":{"line":17,"column":6}},"17":{"start":{"line":18,"column":0},"end":{"line":18,"column":18}},"18":{"start":{"line":19,"column":0},"end":{"line":19,"column":4}},"20":{"start":{"line":21,"column":0},"end":{"line":21,"column":10}},"21":{"start":{"line":22,"column":0},"end":{"line":22,"column":18}},"22":{"start":{"line":23,"column":0},"end":{"line":23,"column":13}},"23":{"start":{"line":24,"column":0},"end":{"line":24,"column":31}},"24":{"start":{"line":25,"column":0},"end":{"line":25,"column":39}},"25":{"start":{"line":26,"column":0},"end":{"line":26,"column":33}},"26":{"start":{"line":27,"column":0},"end":{"line":27,"column":39}},"27":{"start":{"line":28,"column":0},"end":{"line":28,"column":6}},"28":{"start":{"line":29,"column":0},"end":{"line":29,"column":11}},"29":{"start":{"line":30,"column":0},"end":{"line":30,"column":34}},"30":{"start":{"line":31,"column":0},"end":{"line":31,"column":40}},"31":{"start":{"line":32,"column":0},"end":{"line":32,"column":33}},"32":{"start":{"line":33,"column":0},"end":{"line":33,"column":6}},"33":{"start":{"line":34,"column":0},"end":{"line":34,"column":19}},"34":{"start":{"line":35,"column":0},"end":{"line":35,"column":4}},"35":{"start":{"line":36,"column":0},"end":{"line":36,"column":2}}},"s":{"0":1,"1":1,"3":1,"4":1,"5":1,"6":1,"7":1,"8":1,"9":1,"10":1,"11":1,"12":1,"13":1,"14":1,"15":1,"16":1,"17":1,"18":1,"20":1,"21":1,"22":1,"23":1,"24":1,"25":1,"26":1,"27":1,"28":1,"29":1,"30":1,"31":1,"32":1,"33":1,"34":1,"35":1},"branchMap":{},"b":{},"fnMap":{},"f":{}}
,"/home/chapetta/CURSO-DEV-QUEST/Projetos/todolist-app/src/hooks/useTodo.ts": {"path":"/home/chapetta/CURSO-DEV-QUEST/Projetos/todolist-app/src/hooks/useTodo.ts","all":false,"statementMap":{"0":{"start":{"line":1,"column":0},"end":{"line":1,"column":49}},"8":{"start":{"line":9,"column":0},"end":{"line":9,"column":30}},"9":{"start":{"line":10,"column":0},"end":{"line":10,"column":55}},"10":{"start":{"line":11,"column":0},"end":{"line":11,"column":78}},"12":{"start":{"line":13,"column":0},"end":{"line":13,"column":58}},"13":{"start":{"line":14,"column":0},"end":{"line":14,"column":27}},"15":{"start":{"line":16,"column":0},"end":{"line":16,"column":55}},"16":{"start":{"line":17,"column":0},"end":{"line":17,"column":52}},"18":{"start":{"line":19,"column":0},"end":{"line":19,"column":33}},"20":{"start":{"line":21,"column":0},"end":{"line":21,"column":17}},"21":{"start":{"line":22,"column":0},"end":{"line":22,"column":18}},"22":{"start":{"line":23,"column":0},"end":{"line":23,"column":59}},"23":{"start":{"line":24,"column":0},"end":{"line":24,"column":7}},"25":{"start":{"line":26,"column":0},"end":{"line":26,"column":32}},"26":{"start":{"line":27,"column":0},"end":{"line":27,"column":4}},"28":{"start":{"line":29,"column":0},"end":{"line":29,"column":47}},"29":{"start":{"line":30,"column":0},"end":{"line":30,"column":20}},"30":{"start":{"line":31,"column":0},"end":{"line":31,"column":48}},"31":{"start":{"line":32,"column":0},"end":{"line":32,"column":40}},"32":{"start":{"line":33,"column":0},"end":{"line":33,"column":27}},"33":{"start":{"line":34,"column":0},"end":{"line":34,"column":16}},"34":{"start":{"line":35,"column":0},"end":{"line":35,"column":18}},"35":{"start":{"line":36,"column":0},"end":{"line":36,"column":20}},"36":{"start":{"line":37,"column":0},"end":{"line":37,"column":10}},"37":{"start":{"line":38,"column":0},"end":{"line":38,"column":7}},"38":{"start":{"line":39,"column":0},"end":{"line":39,"column":18}},"39":{"start":{"line":40,"column":0},"end":{"line":40,"column":7}},"40":{"start":{"line":41,"column":0},"end":{"line":41,"column":29}},"41":{"start":{"line":42,"column":0},"end":{"line":42,"column":4}},"43":{"start":{"line":44,"column":0},"end":{"line":44,"column":50}},"44":{"start":{"line":45,"column":0},"end":{"line":45,"column":54}},"45":{"start":{"line":46,"column":0},"end":{"line":46,"column":52}},"46":{"start":{"line":47,"column":0},"end":{"line":47,"column":16}},"47":{"start":{"line":48,"column":0},"end":{"line":48,"column":5}},"49":{"start":{"line":50,"column":0},"end":{"line":50,"column":32}},"50":{"start":{"line":51,"column":0},"end":{"line":51,"column":66}},"51":{"start":{"line":52,"column":0},"end":{"line":52,"column":4}},"53":{"start":{"line":54,"column":0},"end":{"line":54,"column":37}},"55":{"start":{"line":56,"column":0},"end":{"line":56,"column":61}},"57":{"start":{"line":58,"column":0},"end":{"line":58,"column":24}},"58":{"start":{"line":59,"column":0},"end":{"line":59,"column":3}},"60":{"start":{"line":61,"column":0},"end":{"line":61,"column":10}},"61":{"start":{"line":62,"column":0},"end":{"line":62,"column":12}},"62":{"start":{"line":63,"column":0},"end":{"line":63,"column":19}},"63":{"start":{"line":64,"column":0},"end":{"line":64,"column":17}},"64":{"start":{"line":65,"column":0},"end":{"line":65,"column":14}},"65":{"start":{"line":66,"column":0},"end":{"line":66,"column":11}},"66":{"start":{"line":67,"column":0},"end":{"line":67,"column":24}},"67":{"start":{"line":68,"column":0},"end":{"line":68,"column":14}},"68":{"start":{"line":69,"column":0},"end":{"line":69,"column":4}},"69":{"start":{"line":70,"column":0},"end":{"line":70,"column":2}}},"s":{"0":1,"8":1,"9":1,"10":1,"12":1,"13":0,"15":0,"16":0,"18":0,"20":0,"21":0,"22":0,"23":0,"25":0,"26":0,"28":1,"29":0,"30":0,"31":0,"32":0,"33":0,"34":0,"35":0,"36":0,"37":0,"38":0,"39":0,"40":0,"41":0,"43":1,"44":0,"45":0,"46":0,"47":1,"49":1,"50":0,"51":0,"53":1,"55":0,"57":0,"58":0,"60":1,"61":1,"62":1,"63":1,"64":1,"65":1,"66":1,"67":1,"68":1,"69":1},"branchMap":{"0":{"type":"branch","line":9,"loc":{"start":{"line":9,"column":23},"end":{"line":70,"column":2}},"locations":[{"start":{"line":9,"column":23},"end":{"line":70,"column":2}}]}},"b":{"0":[1]},"fnMap":{"0":{"name":"useTodo","decl":{"start":{"line":9,"column":23},"end":{"line":70,"column":2}},"loc":{"start":{"line":9,"column":23},"end":{"line":70,"column":2}},"line":9},"1":{"name":"addTodo","decl":{"start":{"line":13,"column":18},"end":{"line":27,"column":4}},"loc":{"start":{"line":13,"column":18},"end":{"line":27,"column":4}},"line":13},"2":{"name":"toggleTodoCompleted","decl":{"start":{"line":29,"column":30},"end":{"line":42,"column":4}},"loc":{"start":{"line":29,"column":30},"end":{"line":42,"column":4}},"line":29},"3":{"name":"clearCompleted","decl":{"start":{"line":50,"column":25},"end":{"line":52,"column":4}},"loc":{"start":{"line":50,"column":25},"end":{"line":52,"column":4}},"line":50},"4":{"name":"removeTodo","decl":{"start":{"line":54,"column":21},"end":{"line":59,"column":3}},"loc":{"start":{"line":54,"column":21},"end":{"line":59,"column":3}},"line":54}},"f":{"0":1,"1":0,"2":0,"3":0,"4":0}}
}
